Сборка начата 07.05.2021 12:22:25.
Уровень детализации журнала: Normal.     1>Проект "D:\Лабы ОАП 2\Лаб 10\Lab 10 v14\Lab 10 v14\Lab 10 v14.vcxproj" в узле 2 (целевые объекты Build).
     1>PrepareForBuild:
         Создание каталога "D:\Лабы ОАП 2\Лаб 10\Lab 10 v14\Debug\".
         Создание каталога "Debug\Lab 10 v14.tlog\".
       InitializeBuildStatus:
         Создание "Debug\Lab 10 v14.tlog\unsuccessfulbuild", так как было задано "AlwaysCreate".
       ClCompile:
         d:\Program Files (x86)\Microsoft Visual Studio\2019\Professional\VC\Tools\MSVC\14.27.29110\bin\HostX86\x86\CL.exe /c /ZI /JMC /nologo /W3 /WX- /diagnostics:column /sdl /Od /Oy- /D WIN32 /D _DEBUG /D _CONSOLE /D _UNICODE /D UNICODE /Gm- /EHsc /RTC1 /MDd /GS /fp:precise /permissive- /Zc:wchar_t /Zc:forScope /Zc:inline /Fo"Debug\\" /Fd"Debug\vc142.pdb" /Gd /TP /analyze- /FC /errorReport:prompt "Lab 10 v14.cpp"
         Lab 10 v14.cpp
       Link:
         d:\Program Files (x86)\Microsoft Visual Studio\2019\Professional\VC\Tools\MSVC\14.27.29110\bin\HostX86\x86\link.exe /ERRORREPORT:PROMPT /OUT:"D:\Лабы ОАП 2\Лаб 10\Lab 10 v14\Debug\Lab 10 v14.exe" /INCREMENTAL /NOLOGO kernel32.lib user32.lib gdi32.lib winspool.lib comdlg32.lib advapi32.lib shell32.lib ole32.lib oleaut32.lib uuid.lib odbc32.lib odbccp32.lib /MANIFEST /MANIFESTUAC:"level='asInvoker' uiAccess='false'" /manifest:embed /DEBUG:FASTLINK /PDB:"D:\Лабы ОАП 2\Лаб 10\Lab 10 v14\Debug\Lab 10 v14.pdb" /SUBSYSTEM:CONSOLE /TLBID:1 /DYNAMICBASE /NXCOMPAT /IMPLIB:"D:\Лабы ОАП 2\Лаб 10\Lab 10 v14\Debug\Lab 10 v14.lib" /MACHINE:X86 "Debug\Lab 10 v14.obj"
         Lab 10 v14.vcxproj -> D:\Лабы ОАП 2\Лаб 10\Lab 10 v14\Debug\Lab 10 v14.exe
       FinalizeBuildStatus:
         Файл "Debug\Lab 10 v14.tlog\unsuccessfulbuild" удаляется.
         Обращение к "Debug\Lab 10 v14.tlog\Lab 10 v14.lastbuildstate".
     1>Сборка проекта "D:\Лабы ОАП 2\Лаб 10\Lab 10 v14\Lab 10 v14\Lab 10 v14.vcxproj" завершена (целевые объекты Build).

Сборка успешно завершена.
    Предупреждений: 0
    Ошибок: 0

Прошло времени 00:00:03.07
