Сборка начата 04.06.2021 13:56:20.
Уровень детализации журнала: Normal.     1>Проект "D:\Лабы ОАП 2\Лаб 12\Lab 12 v12\Lab 12 v12\Lab 12 v12.vcxproj" в узле 2 (целевые объекты Build).
     1>InitializeBuildStatus:
         Создание "Debug\Lab 12 v12.tlog\unsuccessfulbuild", так как было задано "AlwaysCreate".
       ClCompile:
         d:\Program Files (x86)\Microsoft Visual Studio\2019\Professional\VC\Tools\MSVC\14.27.29110\bin\HostX86\x86\CL.exe /c /ZI /JMC /nologo /W3 /WX- /diagnostics:column /sdl /Od /Oy- /D WIN32 /D _DEBUG /D _CONSOLE /D _UNICODE /D UNICODE /Gm- /EHsc /RTC1 /MDd /GS /fp:precise /permissive- /Zc:wchar_t /Zc:forScope /Zc:inline /Fo"Debug\\" /Fd"Debug\vc142.pdb" /Gd /TP /analyze- /FC /errorReport:prompt "Lab 12 v12.cpp" Tree.cpp
         Lab 12 v12.cpp
     1>D:\Лабы ОАП 2\Лаб 12\Lab 12 v12\Lab 12 v12\Lab 12 v12.cpp(40,32): warning C4474: "fscanf_s" : для строки формата передано слишком много аргументов
       D:\Лабы ОАП 2\Лаб 12\Lab 12 v12\Lab 12 v12\Lab 12 v12.cpp(40,32): message : заполнители и их параметры ожидают переменное число аргументов в количестве 1, но было предоставлено 2
         Tree.cpp
         Создание кода...
       Link:
         d:\Program Files (x86)\Microsoft Visual Studio\2019\Professional\VC\Tools\MSVC\14.27.29110\bin\HostX86\x86\link.exe /ERRORREPORT:PROMPT /OUT:"D:\Лабы ОАП 2\Лаб 12\Lab 12 v12\Debug\Lab 12 v12.exe" /INCREMENTAL /NOLOGO kernel32.lib user32.lib gdi32.lib winspool.lib comdlg32.lib advapi32.lib shell32.lib ole32.lib oleaut32.lib uuid.lib odbc32.lib odbccp32.lib /MANIFEST /MANIFESTUAC:"level='asInvoker' uiAccess='false'" /manifest:embed /DEBUG:FASTLINK /PDB:"D:\Лабы ОАП 2\Лаб 12\Lab 12 v12\Debug\Lab 12 v12.pdb" /SUBSYSTEM:CONSOLE /TLBID:1 /DYNAMICBASE /NXCOMPAT /IMPLIB:"D:\Лабы ОАП 2\Лаб 12\Lab 12 v12\Debug\Lab 12 v12.lib" /MACHINE:X86 "Debug\Lab 12 v12.obj"
         Debug\Tree.obj
         Lab 12 v12.vcxproj -> D:\Лабы ОАП 2\Лаб 12\Lab 12 v12\Debug\Lab 12 v12.exe
       FinalizeBuildStatus:
         Файл "Debug\Lab 12 v12.tlog\unsuccessfulbuild" удаляется.
         Обращение к "Debug\Lab 12 v12.tlog\Lab 12 v12.lastbuildstate".
     1>Сборка проекта "D:\Лабы ОАП 2\Лаб 12\Lab 12 v12\Lab 12 v12\Lab 12 v12.vcxproj" завершена (целевые объекты Build).

Сборка успешно завершена.

       "D:\Лабы ОАП 2\Лаб 12\Lab 12 v12\Lab 12 v12\Lab 12 v12.vcxproj" (целевой объект Build ) (1) ->
       (Целевой объект ClCompile) -> 
         D:\Лабы ОАП 2\Лаб 12\Lab 12 v12\Lab 12 v12\Lab 12 v12.cpp(40,32): warning C4474: "fscanf_s" : для строки формата передано слишком много аргументов

    Предупреждений: 1
    Ошибок: 0

Прошло времени 00:00:04.26
