Сборка начата 07.05.2021 12:34:52.
Уровень детализации журнала: Normal.     1>Проект "D:\Лабы ОАП 2\Лаб 10\Lab 10 dop3\Lab 10 dop3\Lab 10 dop3.vcxproj" в узле 2 (целевые объекты Build).
     1>PrepareForBuild:
         Создание каталога "D:\Лабы ОАП 2\Лаб 10\Lab 10 dop3\Debug\".
         Создание каталога "Debug\Lab 10 dop3.tlog\".
       InitializeBuildStatus:
         Создание "Debug\Lab 10 dop3.tlog\unsuccessfulbuild", так как было задано "AlwaysCreate".
       ClCompile:
         D:\Program Files (x86)\Microsoft Visual Studio\2019\Professional\VC\Tools\MSVC\14.27.29110\bin\HostX86\x86\CL.exe /c /ZI /JMC /nologo /W3 /WX- /diagnostics:column /sdl /Od /Oy- /D WIN32 /D _DEBUG /D _CONSOLE /D _UNICODE /D UNICODE /Gm- /EHsc /RTC1 /MDd /GS /fp:precise /permissive- /Zc:wchar_t /Zc:forScope /Zc:inline /Fo"Debug\\" /Fd"Debug\vc142.pdb" /Gd /TP /analyze- /FC /errorReport:prompt "Lab 10 dop3.cpp"
         Lab 10 dop3.cpp
     1>D:\Лабы ОАП 2\Лаб 10\Lab 10 dop3\Lab 10 dop3\Lab 10 dop3.cpp(48,1): warning C4326: возвращаемый тип "main" должен быть "int", а не "void"
       Link:
         D:\Program Files (x86)\Microsoft Visual Studio\2019\Professional\VC\Tools\MSVC\14.27.29110\bin\HostX86\x86\link.exe /ERRORREPORT:PROMPT /OUT:"D:\Лабы ОАП 2\Лаб 10\Lab 10 dop3\Debug\Lab 10 dop3.exe" /INCREMENTAL /NOLOGO kernel32.lib user32.lib gdi32.lib winspool.lib comdlg32.lib advapi32.lib shell32.lib ole32.lib oleaut32.lib uuid.lib odbc32.lib odbccp32.lib /MANIFEST /MANIFESTUAC:"level='asInvoker' uiAccess='false'" /manifest:embed /DEBUG:FASTLINK /PDB:"D:\Лабы ОАП 2\Лаб 10\Lab 10 dop3\Debug\Lab 10 dop3.pdb" /SUBSYSTEM:CONSOLE /TLBID:1 /DYNAMICBASE /NXCOMPAT /IMPLIB:"D:\Лабы ОАП 2\Лаб 10\Lab 10 dop3\Debug\Lab 10 dop3.lib" /MACHINE:X86 "Debug\Lab 10 dop3.obj"
         Lab 10 dop3.vcxproj -> D:\Лабы ОАП 2\Лаб 10\Lab 10 dop3\Debug\Lab 10 dop3.exe
       FinalizeBuildStatus:
         Файл "Debug\Lab 10 dop3.tlog\unsuccessfulbuild" удаляется.
         Обращение к "Debug\Lab 10 dop3.tlog\Lab 10 dop3.lastbuildstate".
     1>Сборка проекта "D:\Лабы ОАП 2\Лаб 10\Lab 10 dop3\Lab 10 dop3\Lab 10 dop3.vcxproj" завершена (целевые объекты Build).

Сборка успешно завершена.

       "D:\Лабы ОАП 2\Лаб 10\Lab 10 dop3\Lab 10 dop3\Lab 10 dop3.vcxproj" (целевой объект Build ) (1) ->
       (Целевой объект ClCompile) -> 
         D:\Лабы ОАП 2\Лаб 10\Lab 10 dop3\Lab 10 dop3\Lab 10 dop3.cpp(48,1): warning C4326: возвращаемый тип "main" должен быть "int", а не "void"

    Предупреждений: 1
    Ошибок: 0

Прошло времени 00:00:02.69
