Сборка начата 28.05.2021 12:54:33.
Уровень детализации журнала: Normal.     1>Проект "D:\Лабы ОАП 2\Лаб 15\Lab 15 v12\Lab 15 v12\Lab 15 v12.vcxproj" в узле 2 (целевые объекты Build).
     1>InitializeBuildStatus:
         Создание "Debug\Lab 15 v12.tlog\unsuccessfulbuild", так как было задано "AlwaysCreate".
       ClCompile:
         d:\Program Files (x86)\Microsoft Visual Studio\2019\Professional\VC\Tools\MSVC\14.27.29110\bin\HostX86\x86\CL.exe /c /ZI /JMC /nologo /W3 /WX- /diagnostics:column /sdl /Od /Oy- /D WIN32 /D _DEBUG /D _CONSOLE /D _UNICODE /D UNICODE /Gm- /EHsc /RTC1 /MDd /GS /fp:precise /permissive- /Zc:wchar_t /Zc:forScope /Zc:inline /Fo"Debug\\" /Fd"Debug\vc142.pdb" /Gd /TP /analyze- /FC /errorReport:prompt Hash_Table.cpp "Lab 15 v12.cpp" Lists.cpp
         Hash_Table.cpp
         Lab 15 v12.cpp
     1>D:\Лабы ОАП 2\Лаб 15\Lab 15 v12\Lab 15 v12\Lab 15 v12.cpp(27,17): warning C4244: return: преобразование "double" в "int", возможна потеря данных
         Lists.cpp
     1>D:\Лабы ОАП 2\Лаб 15\Lab 15 v12\Lab 15 v12\Lists.cpp(41,16): warning C4566: символ, представленный универсальным именем символа "\u00DD", невозможно представить в текущей кодовой странице (1251)
     1>D:\Лабы ОАП 2\Лаб 15\Lab 15 v12\Lab 15 v12\Lists.cpp(41,16): warning C4566: символ, представленный универсальным именем символа "\u00EB", невозможно представить в текущей кодовой странице (1251)
     1>D:\Лабы ОАП 2\Лаб 15\Lab 15 v12\Lab 15 v12\Lists.cpp(41,16): warning C4566: символ, представленный универсальным именем символа "\u00E5", невозможно представить в текущей кодовой странице (1251)
     1>D:\Лабы ОАП 2\Лаб 15\Lab 15 v12\Lab 15 v12\Lists.cpp(41,16): warning C4566: символ, представленный универсальным именем символа "\u00EC", невозможно представить в текущей кодовой странице (1251)
     1>D:\Лабы ОАП 2\Лаб 15\Lab 15 v12\Lab 15 v12\Lists.cpp(41,16): warning C4566: символ, представленный универсальным именем символа "\u00ED", невозможно представить в текущей кодовой странице (1251)
     1>D:\Лабы ОАП 2\Лаб 15\Lab 15 v12\Lab 15 v12\Lists.cpp(41,16): warning C4566: символ, представленный универсальным именем символа "\u00F2", невозможно представить в текущей кодовой странице (1251)
     1>D:\Лабы ОАП 2\Лаб 15\Lab 15 v12\Lab 15 v12\Lists.cpp(41,16): warning C4566: символ, представленный универсальным именем символа "\u00F3", невозможно представить в текущей кодовой странице (1251)
     1>D:\Лабы ОАП 2\Лаб 15\Lab 15 v12\Lab 15 v12\Lists.cpp(41,16): warning C4566: символ, представленный универсальным именем символа "\u00E4", невозможно представить в текущей кодовой странице (1251)
     1>D:\Лабы ОАП 2\Лаб 15\Lab 15 v12\Lab 15 v12\Lists.cpp(41,16): warning C4566: символ, представленный универсальным именем символа "\u00E0", невозможно представить в текущей кодовой странице (1251)
         Создание кода...
       Link:
         d:\Program Files (x86)\Microsoft Visual Studio\2019\Professional\VC\Tools\MSVC\14.27.29110\bin\HostX86\x86\link.exe /ERRORREPORT:PROMPT /OUT:"D:\Лабы ОАП 2\Лаб 15\Lab 15 v12\Debug\Lab 15 v12.exe" /INCREMENTAL /NOLOGO kernel32.lib user32.lib gdi32.lib winspool.lib comdlg32.lib advapi32.lib shell32.lib ole32.lib oleaut32.lib uuid.lib odbc32.lib odbccp32.lib /MANIFEST /MANIFESTUAC:"level='asInvoker' uiAccess='false'" /manifest:embed /DEBUG:FASTLINK /PDB:"D:\Лабы ОАП 2\Лаб 15\Lab 15 v12\Debug\Lab 15 v12.pdb" /SUBSYSTEM:CONSOLE /TLBID:1 /DYNAMICBASE /NXCOMPAT /IMPLIB:"D:\Лабы ОАП 2\Лаб 15\Lab 15 v12\Debug\Lab 15 v12.lib" /MACHINE:X86 Debug\Hash_Table.obj
         "Debug\Lab 15 v12.obj"
         Debug\Lists.obj
         Lab 15 v12.vcxproj -> D:\Лабы ОАП 2\Лаб 15\Lab 15 v12\Debug\Lab 15 v12.exe
       FinalizeBuildStatus:
         Файл "Debug\Lab 15 v12.tlog\unsuccessfulbuild" удаляется.
         Обращение к "Debug\Lab 15 v12.tlog\Lab 15 v12.lastbuildstate".
     1>Сборка проекта "D:\Лабы ОАП 2\Лаб 15\Lab 15 v12\Lab 15 v12\Lab 15 v12.vcxproj" завершена (целевые объекты Build).

Сборка успешно завершена.

       "D:\Лабы ОАП 2\Лаб 15\Lab 15 v12\Lab 15 v12\Lab 15 v12.vcxproj" (целевой объект Build ) (1) ->
       (Целевой объект ClCompile) -> 
         D:\Лабы ОАП 2\Лаб 15\Lab 15 v12\Lab 15 v12\Lab 15 v12.cpp(27,17): warning C4244: return: преобразование "double" в "int", возможна потеря данных
         D:\Лабы ОАП 2\Лаб 15\Lab 15 v12\Lab 15 v12\Lists.cpp(41,16): warning C4566: символ, представленный универсальным именем символа "\u00DD", невозможно представить в текущей кодовой странице (1251)
         D:\Лабы ОАП 2\Лаб 15\Lab 15 v12\Lab 15 v12\Lists.cpp(41,16): warning C4566: символ, представленный универсальным именем символа "\u00EB", невозможно представить в текущей кодовой странице (1251)
         D:\Лабы ОАП 2\Лаб 15\Lab 15 v12\Lab 15 v12\Lists.cpp(41,16): warning C4566: символ, представленный универсальным именем символа "\u00E5", невозможно представить в текущей кодовой странице (1251)
         D:\Лабы ОАП 2\Лаб 15\Lab 15 v12\Lab 15 v12\Lists.cpp(41,16): warning C4566: символ, представленный универсальным именем символа "\u00EC", невозможно представить в текущей кодовой странице (1251)
         D:\Лабы ОАП 2\Лаб 15\Lab 15 v12\Lab 15 v12\Lists.cpp(41,16): warning C4566: символ, представленный универсальным именем символа "\u00ED", невозможно представить в текущей кодовой странице (1251)
         D:\Лабы ОАП 2\Лаб 15\Lab 15 v12\Lab 15 v12\Lists.cpp(41,16): warning C4566: символ, представленный универсальным именем символа "\u00F2", невозможно представить в текущей кодовой странице (1251)
         D:\Лабы ОАП 2\Лаб 15\Lab 15 v12\Lab 15 v12\Lists.cpp(41,16): warning C4566: символ, представленный универсальным именем символа "\u00F3", невозможно представить в текущей кодовой странице (1251)
         D:\Лабы ОАП 2\Лаб 15\Lab 15 v12\Lab 15 v12\Lists.cpp(41,16): warning C4566: символ, представленный универсальным именем символа "\u00E4", невозможно представить в текущей кодовой странице (1251)
         D:\Лабы ОАП 2\Лаб 15\Lab 15 v12\Lab 15 v12\Lists.cpp(41,16): warning C4566: символ, представленный универсальным именем символа "\u00E0", невозможно представить в текущей кодовой странице (1251)

    Предупреждений: 10
    Ошибок: 0

Прошло времени 00:00:06.25
