Сборка начата 07.05.2021 12:29:15.
Уровень детализации журнала: Normal.     1>Проект "C:\Users\Victor\source\repos\Lab 10 dop 1\Lab 10 dop 1\Lab 10 dop 1.vcxproj" в узле 2 (целевые объекты Build).
     1>PrepareForBuild:
         Создание каталога "C:\Users\Victor\source\repos\Lab 10 dop 1\Debug\".
         Создание каталога "Debug\Lab 10 dop 1.tlog\".
       InitializeBuildStatus:
         Создание "Debug\Lab 10 dop 1.tlog\unsuccessfulbuild", так как было задано "AlwaysCreate".
       ClCompile:
         D:\Program Files (x86)\Microsoft Visual Studio\2019\Professional\VC\Tools\MSVC\14.27.29110\bin\HostX86\x86\CL.exe /c /ZI /JMC /nologo /W3 /WX- /diagnostics:column /sdl /Od /Oy- /D WIN32 /D _DEBUG /D _CONSOLE /D _UNICODE /D UNICODE /Gm- /EHsc /RTC1 /MDd /GS /fp:precise /permissive- /Zc:wchar_t /Zc:forScope /Zc:inline /Fo"Debug\\" /Fd"Debug\vc142.pdb" /Gd /TP /analyze- /FC /errorReport:prompt "Lab 10 dop 1.cpp"
         Lab 10 dop 1.cpp
     1>C:\Users\Victor\source\repos\Lab 10 dop 1\Lab 10 dop 1\Lab 10 dop 1.cpp(15,14): warning C4018: >: несоответствие типов со знаком и без знака
     1>C:\Users\Victor\source\repos\Lab 10 dop 1\Lab 10 dop 1\Lab 10 dop 1.cpp(37,18): warning C4244: инициализация: преобразование "double" в "unsigned long", возможна потеря данных
     1>C:\Users\Victor\source\repos\Lab 10 dop 1\Lab 10 dop 1\Lab 10 dop 1.cpp(43,1): warning C4326: возвращаемый тип "main" должен быть "int", а не "void"
       Link:
         D:\Program Files (x86)\Microsoft Visual Studio\2019\Professional\VC\Tools\MSVC\14.27.29110\bin\HostX86\x86\link.exe /ERRORREPORT:PROMPT /OUT:"C:\Users\Victor\source\repos\Lab 10 dop 1\Debug\Lab 10 dop 1.exe" /INCREMENTAL /NOLOGO kernel32.lib user32.lib gdi32.lib winspool.lib comdlg32.lib advapi32.lib shell32.lib ole32.lib oleaut32.lib uuid.lib odbc32.lib odbccp32.lib /MANIFEST /MANIFESTUAC:"level='asInvoker' uiAccess='false'" /manifest:embed /DEBUG:FASTLINK /PDB:"C:\Users\Victor\source\repos\Lab 10 dop 1\Debug\Lab 10 dop 1.pdb" /SUBSYSTEM:CONSOLE /TLBID:1 /DYNAMICBASE /NXCOMPAT /IMPLIB:"C:\Users\Victor\source\repos\Lab 10 dop 1\Debug\Lab 10 dop 1.lib" /MACHINE:X86 "Debug\Lab 10 dop 1.obj"
         Lab 10 dop 1.vcxproj -> C:\Users\Victor\source\repos\Lab 10 dop 1\Debug\Lab 10 dop 1.exe
       FinalizeBuildStatus:
         Файл "Debug\Lab 10 dop 1.tlog\unsuccessfulbuild" удаляется.
         Обращение к "Debug\Lab 10 dop 1.tlog\Lab 10 dop 1.lastbuildstate".
     1>Сборка проекта "C:\Users\Victor\source\repos\Lab 10 dop 1\Lab 10 dop 1\Lab 10 dop 1.vcxproj" завершена (целевые объекты Build).

Сборка успешно завершена.

       "C:\Users\Victor\source\repos\Lab 10 dop 1\Lab 10 dop 1\Lab 10 dop 1.vcxproj" (целевой объект Build ) (1) ->
       (Целевой объект ClCompile) -> 
         C:\Users\Victor\source\repos\Lab 10 dop 1\Lab 10 dop 1\Lab 10 dop 1.cpp(15,14): warning C4018: >: несоответствие типов со знаком и без знака
         C:\Users\Victor\source\repos\Lab 10 dop 1\Lab 10 dop 1\Lab 10 dop 1.cpp(37,18): warning C4244: инициализация: преобразование "double" в "unsigned long", возможна потеря данных
         C:\Users\Victor\source\repos\Lab 10 dop 1\Lab 10 dop 1\Lab 10 dop 1.cpp(43,1): warning C4326: возвращаемый тип "main" должен быть "int", а не "void"

    Предупреждений: 3
    Ошибок: 0

Прошло времени 00:00:02.92
